/home/jorbaal/ros2_ws/src/mi_odometria/install/mi_odometria/lib/python3.10/site-packages/mi_odometria/cliente.py
/home/jorbaal/ros2_ws/src/mi_odometria/install/mi_odometria/lib/python3.10/site-packages/mi_odometria/servidor.py
/home/jorbaal/ros2_ws/src/mi_odometria/install/mi_odometria/lib/python3.10/site-packages/mi_odometria/control_orientacion.py
/home/jorbaal/ros2_ws/src/mi_odometria/install/mi_odometria/lib/python3.10/site-packages/mi_odometria/__init__.py
/home/jorbaal/ros2_ws/src/mi_odometria/install/mi_odometria/lib/python3.10/site-packages/mi_odometria/Ejercicio_6.py
/home/jorbaal/ros2_ws/src/mi_odometria/install/mi_odometria/lib/python3.10/site-packages/mi_odometria/leer_orientacion.py
/home/jorbaal/ros2_ws/src/mi_odometria/install/mi_odometria/lib/python3.10/site-packages/mi_odometria/Ejercicio_1.py
/home/jorbaal/ros2_ws/src/mi_odometria/install/mi_odometria/lib/python3.10/site-packages/mi_odometria/__pycache__/cliente.cpython-310.pyc
/home/jorbaal/ros2_ws/src/mi_odometria/install/mi_odometria/lib/python3.10/site-packages/mi_odometria/__pycache__/servidor.cpython-310.pyc
/home/jorbaal/ros2_ws/src/mi_odometria/install/mi_odometria/lib/python3.10/site-packages/mi_odometria/__pycache__/control_orientacion.cpython-310.pyc
/home/jorbaal/ros2_ws/src/mi_odometria/install/mi_odometria/lib/python3.10/site-packages/mi_odometria/__pycache__/__init__.cpython-310.pyc
/home/jorbaal/ros2_ws/src/mi_odometria/install/mi_odometria/lib/python3.10/site-packages/mi_odometria/__pycache__/Ejercicio_6.cpython-310.pyc
/home/jorbaal/ros2_ws/src/mi_odometria/install/mi_odometria/lib/python3.10/site-packages/mi_odometria/__pycache__/leer_orientacion.cpython-310.pyc
/home/jorbaal/ros2_ws/src/mi_odometria/install/mi_odometria/lib/python3.10/site-packages/mi_odometria/__pycache__/Ejercicio_1.cpython-310.pyc
/home/jorbaal/ros2_ws/src/mi_odometria/install/mi_odometria/share/ament_index/resource_index/packages/mi_odometria
/home/jorbaal/ros2_ws/src/mi_odometria/install/mi_odometria/share/mi_odometria/package.xml
/home/jorbaal/ros2_ws/src/mi_odometria/install/mi_odometria/lib/python3.10/site-packages/mi_odometria-0.0.0-py3.10.egg-info/SOURCES.txt
/home/jorbaal/ros2_ws/src/mi_odometria/install/mi_odometria/lib/python3.10/site-packages/mi_odometria-0.0.0-py3.10.egg-info/PKG-INFO
/home/jorbaal/ros2_ws/src/mi_odometria/install/mi_odometria/lib/python3.10/site-packages/mi_odometria-0.0.0-py3.10.egg-info/top_level.txt
/home/jorbaal/ros2_ws/src/mi_odometria/install/mi_odometria/lib/python3.10/site-packages/mi_odometria-0.0.0-py3.10.egg-info/dependency_links.txt
/home/jorbaal/ros2_ws/src/mi_odometria/install/mi_odometria/lib/python3.10/site-packages/mi_odometria-0.0.0-py3.10.egg-info/zip-safe
/home/jorbaal/ros2_ws/src/mi_odometria/install/mi_odometria/lib/python3.10/site-packages/mi_odometria-0.0.0-py3.10.egg-info/requires.txt
/home/jorbaal/ros2_ws/src/mi_odometria/install/mi_odometria/lib/python3.10/site-packages/mi_odometria-0.0.0-py3.10.egg-info/entry_points.txt
/home/jorbaal/ros2_ws/src/mi_odometria/install/mi_odometria/lib/mi_odometria/cliente
/home/jorbaal/ros2_ws/src/mi_odometria/install/mi_odometria/lib/mi_odometria/controlar_orientacion
/home/jorbaal/ros2_ws/src/mi_odometria/install/mi_odometria/lib/mi_odometria/leer_orientacion
/home/jorbaal/ros2_ws/src/mi_odometria/install/mi_odometria/lib/mi_odometria/servidor
