running egg_info
creating build/mi_odometria/mi_odometria.egg-info
writing build/mi_odometria/mi_odometria.egg-info/PKG-INFO
writing dependency_links to build/mi_odometria/mi_odometria.egg-info/dependency_links.txt
writing entry points to build/mi_odometria/mi_odometria.egg-info/entry_points.txt
writing requirements to build/mi_odometria/mi_odometria.egg-info/requires.txt
writing top-level names to build/mi_odometria/mi_odometria.egg-info/top_level.txt
writing manifest file 'build/mi_odometria/mi_odometria.egg-info/SOURCES.txt'
reading manifest file 'build/mi_odometria/mi_odometria.egg-info/SOURCES.txt'
writing manifest file 'build/mi_odometria/mi_odometria.egg-info/SOURCES.txt'
running build
running build_py
creating /home/jorbaal/ros2_ws/src/mi_odometria/build/mi_odometria/build
creating /home/jorbaal/ros2_ws/src/mi_odometria/build/mi_odometria/build/lib
creating /home/jorbaal/ros2_ws/src/mi_odometria/build/mi_odometria/build/lib/mi_odometria
copying mi_odometria/cliente.py -> /home/jorbaal/ros2_ws/src/mi_odometria/build/mi_odometria/build/lib/mi_odometria
copying mi_odometria/servidor.py -> /home/jorbaal/ros2_ws/src/mi_odometria/build/mi_odometria/build/lib/mi_odometria
copying mi_odometria/control_orientacion.py -> /home/jorbaal/ros2_ws/src/mi_odometria/build/mi_odometria/build/lib/mi_odometria
copying mi_odometria/__init__.py -> /home/jorbaal/ros2_ws/src/mi_odometria/build/mi_odometria/build/lib/mi_odometria
copying mi_odometria/Ejercicio_6.py -> /home/jorbaal/ros2_ws/src/mi_odometria/build/mi_odometria/build/lib/mi_odometria
copying mi_odometria/leer_orientacion.py -> /home/jorbaal/ros2_ws/src/mi_odometria/build/mi_odometria/build/lib/mi_odometria
copying mi_odometria/Ejercicio_1.py -> /home/jorbaal/ros2_ws/src/mi_odometria/build/mi_odometria/build/lib/mi_odometria
running install
running install_lib
creating /home/jorbaal/ros2_ws/src/mi_odometria/install/mi_odometria/lib/python3.10/site-packages/mi_odometria
copying /home/jorbaal/ros2_ws/src/mi_odometria/build/mi_odometria/build/lib/mi_odometria/cliente.py -> /home/jorbaal/ros2_ws/src/mi_odometria/install/mi_odometria/lib/python3.10/site-packages/mi_odometria
copying /home/jorbaal/ros2_ws/src/mi_odometria/build/mi_odometria/build/lib/mi_odometria/servidor.py -> /home/jorbaal/ros2_ws/src/mi_odometria/install/mi_odometria/lib/python3.10/site-packages/mi_odometria
copying /home/jorbaal/ros2_ws/src/mi_odometria/build/mi_odometria/build/lib/mi_odometria/control_orientacion.py -> /home/jorbaal/ros2_ws/src/mi_odometria/install/mi_odometria/lib/python3.10/site-packages/mi_odometria
copying /home/jorbaal/ros2_ws/src/mi_odometria/build/mi_odometria/build/lib/mi_odometria/__init__.py -> /home/jorbaal/ros2_ws/src/mi_odometria/install/mi_odometria/lib/python3.10/site-packages/mi_odometria
copying /home/jorbaal/ros2_ws/src/mi_odometria/build/mi_odometria/build/lib/mi_odometria/Ejercicio_6.py -> /home/jorbaal/ros2_ws/src/mi_odometria/install/mi_odometria/lib/python3.10/site-packages/mi_odometria
copying /home/jorbaal/ros2_ws/src/mi_odometria/build/mi_odometria/build/lib/mi_odometria/leer_orientacion.py -> /home/jorbaal/ros2_ws/src/mi_odometria/install/mi_odometria/lib/python3.10/site-packages/mi_odometria
copying /home/jorbaal/ros2_ws/src/mi_odometria/build/mi_odometria/build/lib/mi_odometria/Ejercicio_1.py -> /home/jorbaal/ros2_ws/src/mi_odometria/install/mi_odometria/lib/python3.10/site-packages/mi_odometria
byte-compiling /home/jorbaal/ros2_ws/src/mi_odometria/install/mi_odometria/lib/python3.10/site-packages/mi_odometria/cliente.py to cliente.cpython-310.pyc
byte-compiling /home/jorbaal/ros2_ws/src/mi_odometria/install/mi_odometria/lib/python3.10/site-packages/mi_odometria/servidor.py to servidor.cpython-310.pyc
byte-compiling /home/jorbaal/ros2_ws/src/mi_odometria/install/mi_odometria/lib/python3.10/site-packages/mi_odometria/control_orientacion.py to control_orientacion.cpython-310.pyc
byte-compiling /home/jorbaal/ros2_ws/src/mi_odometria/install/mi_odometria/lib/python3.10/site-packages/mi_odometria/__init__.py to __init__.cpython-310.pyc
byte-compiling /home/jorbaal/ros2_ws/src/mi_odometria/install/mi_odometria/lib/python3.10/site-packages/mi_odometria/Ejercicio_6.py to Ejercicio_6.cpython-310.pyc
byte-compiling /home/jorbaal/ros2_ws/src/mi_odometria/install/mi_odometria/lib/python3.10/site-packages/mi_odometria/leer_orientacion.py to leer_orientacion.cpython-310.pyc
byte-compiling /home/jorbaal/ros2_ws/src/mi_odometria/install/mi_odometria/lib/python3.10/site-packages/mi_odometria/Ejercicio_1.py to Ejercicio_1.cpython-310.pyc
running install_data
creating /home/jorbaal/ros2_ws/src/mi_odometria/install/mi_odometria/share/ament_index
creating /home/jorbaal/ros2_ws/src/mi_odometria/install/mi_odometria/share/ament_index/resource_index
creating /home/jorbaal/ros2_ws/src/mi_odometria/install/mi_odometria/share/ament_index/resource_index/packages
copying resource/mi_odometria -> /home/jorbaal/ros2_ws/src/mi_odometria/install/mi_odometria/share/ament_index/resource_index/packages
copying package.xml -> /home/jorbaal/ros2_ws/src/mi_odometria/install/mi_odometria/share/mi_odometria
running install_egg_info
Copying build/mi_odometria/mi_odometria.egg-info to /home/jorbaal/ros2_ws/src/mi_odometria/install/mi_odometria/lib/python3.10/site-packages/mi_odometria-0.0.0-py3.10.egg-info
running install_scripts
Installing cliente script to /home/jorbaal/ros2_ws/src/mi_odometria/install/mi_odometria/lib/mi_odometria
Installing controlar_orientacion script to /home/jorbaal/ros2_ws/src/mi_odometria/install/mi_odometria/lib/mi_odometria
Installing leer_orientacion script to /home/jorbaal/ros2_ws/src/mi_odometria/install/mi_odometria/lib/mi_odometria
Installing servidor script to /home/jorbaal/ros2_ws/src/mi_odometria/install/mi_odometria/lib/mi_odometria
writing list of installed files to '/home/jorbaal/ros2_ws/src/mi_odometria/build/mi_odometria/install.log'
